AndroidTvSampleInput/app/build/outputs/logs/manifest-merger-debug-report.txt
-- Merging decision tree log ---
manifest
ADDED from src/main/AndroidManifest.xml:17:1-123:12
INJECTED from src/main/AndroidManifest.xml:17:1-123:12
INJECTED from src/main/AndroidManifest.xml:17:1-123:12
INJECTED from src/main/AndroidManifest.xml:17:1-123:12
MERGED from [:library] AndroidManifest.xml:17:1-32:12
MERGED from [com.android.support:appcompat-v7:27.1.1] AndroidManifest.xml:17:1-22:12
MERGED from [com.android.support:leanback-v17:27.1.1] AndroidManifest.xml:17:1-22:12
MERGED from [com.android.support:recyclerview-v7:27.1.1] AndroidManifest.xml:17:1-22:12
MERGED from [com.google.android.exoplayer:exoplayer:r1.5.14] AndroidManifest.xml:17:1-28:12
MERGED from [com.google.android.gms:play-services-ads:8.4.0] AndroidManifest.xml:16:1-33:12
MERGED from [com.google.android.gms:play-services-basement:8.4.0] AndroidManifest.xml:16:1-26:12
MERGED from [com.android.support:support-v4:27.1.0] AndroidManifest.xml:17:1-22:12
MERGED from [com.android.support:support-fragment:27.1.1] AndroidManifest.xml:17:1-22:12
MERGED from [com.android.support:animated-vector-drawable:27.1.1] AndroidManifest.xml:17:1-22:12
MERGED from [com.android.support:support-core-ui:27.1.1] AndroidManifest.xml:17:1-22:12
MERGED from [com.android.support:support-core-utils:27.1.1] AndroidManifest.xml:17:1-22:12
MERGED from [com.android.support:support-vector-drawable:27.1.1] AndroidManifest.xml:17:1-22:12
MERGED from [com.android.support:support-media-compat:27.1.1] AndroidManifest.xml:17:1-22:12
MERGED from [com.android.support:support-compat:27.1.1] AndroidManifest.xml:17:1-22:12
MERGED from [android.arch.lifecycle:livedata-core:1.1.0] AndroidManifest.xml:17:1-22:12
MERGED from [android.arch.lifecycle:viewmodel:1.1.0] AndroidManifest.xml:17:1-22:12
MERGED from [android.arch.lifecycle:runtime:1.1.0] AndroidManifest.xml:17:1-22:12
MERGED from [android.arch.core:runtime:1.1.0] AndroidManifest.xml:17:1-22:12
INJECTED from src/main/AndroidManifest.xml:17:1-123:12
INJECTED from src/main/AndroidManifest.xml:17:1-123:12
INJECTED from src/main/AndroidManifest.xml:17:1-123:12
	package
		ADDED from src/main/AndroidManifest.xml:18:5-48
		INJECTED from src/main/AndroidManifest.xml
		INJECTED from src/main/AndroidManifest.xml
	android:versionName
		INJECTED from src/main/AndroidManifest.xml
		ADDED from src/main/AndroidManifest.xml:17:1-123:12
		INJECTED from src/main/AndroidManifest.xml
	android:versionCode
		INJECTED from src/main/AndroidManifest.xml
		ADDED from src/main/AndroidManifest.xml:17:1-123:12
		INJECTED from src/main/AndroidManifest.xml
	xmlns:android
		ADDED from src/main/AndroidManifest.xml:19:5-63
uses-permission#android.permission.INTERNET
ADDED from src/main/AndroidManifest.xml:22:5-67
MERGED from [com.google.android.gms:play-services-ads:8.4.0] AndroidManifest.xml:20:5-66
MERGED from [com.google.android.gms:play-services-ads:8.4.0] AndroidManifest.xml:20:5-66
	android:name
		ADDED from src/main/AndroidManifest.xml:22:22-64
uses-permission#com.android.providers.tv.permission.READ_EPG_DATA
ADDED from src/main/AndroidManifest.xml:25:5-89
MERGED from [:library] AndroidManifest.xml:27:5-89
MERGED from [:library] AndroidManifest.xml:27:5-89
	android:name
		ADDED from src/main/AndroidManifest.xml:25:22-86
uses-permission#com.android.providers.tv.permission.WRITE_EPG_DATA
ADDED from src/main/AndroidManifest.xml:28:5-90
MERGED from [:library] AndroidManifest.xml:28:5-90
MERGED from [:library] AndroidManifest.xml:28:5-90
	android:name
		ADDED from src/main/AndroidManifest.xml:28:22-87
uses-permission#android.permission.RECEIVE_BOOT_COMPLETED
ADDED from src/main/AndroidManifest.xml:32:5-80
MERGED from [:library] AndroidManifest.xml:26:5-81
MERGED from [:library] AndroidManifest.xml:26:5-81
	android:name
		ADDED from src/main/AndroidManifest.xml:32:22-78
uses-feature#android.hardware.touchscreen
ADDED from src/main/AndroidManifest.xml:34:5-36:36
	android:required
		ADDED from src/main/AndroidManifest.xml:36:9-33
	android:name
		ADDED from src/main/AndroidManifest.xml:35:9-52
uses-feature#android.software.leanback
ADDED from src/main/AndroidManifest.xml:37:5-39:35
	android:required
		ADDED from src/main/AndroidManifest.xml:39:9-32
	android:name
		ADDED from src/main/AndroidManifest.xml:38:9-49
uses-feature#android.software.live_tv
ADDED from src/main/AndroidManifest.xml:43:5-45:35
	android:required
		ADDED from src/main/AndroidManifest.xml:45:9-32
	android:name
		ADDED from src/main/AndroidManifest.xml:44:9-48
application
ADDED from src/main/AndroidManifest.xml:47:5-122:19
MERGED from [:library] AndroidManifest.xml:30:5-20
MERGED from [:library] AndroidManifest.xml:30:5-20
MERGED from [com.google.android.gms:play-services-ads:8.4.0] AndroidManifest.xml:24:5-32:19
MERGED from [com.google.android.gms:play-services-ads:8.4.0] AndroidManifest.xml:24:5-32:19
MERGED from [com.google.android.gms:play-services-basement:8.4.0] AndroidManifest.xml:20:5-24:19
MERGED from [com.google.android.gms:play-services-basement:8.4.0] AndroidManifest.xml:20:5-24:19
	android:label
		ADDED from src/main/AndroidManifest.xml:50:9-41
	android:icon
		ADDED from src/main/AndroidManifest.xml:49:9-46
	android:allowBackup
		ADDED from src/main/AndroidManifest.xml:48:9-36
	android:theme
		ADDED from src/main/AndroidManifest.xml:51:9-46
activity#com.example.android.sampletvinput.MainActivity
ADDED from src/main/AndroidManifest.xml:53:9-58:20
	android:name
		ADDED from src/main/AndroidManifest.xml:53:19-47
intent-filter#action:name:android.intent.action.MAIN+category:name:android.intent.category.LEANBACK_LAUNCHER
ADDED from src/main/AndroidManifest.xml:54:13-57:29
action#android.intent.action.MAIN
ADDED from src/main/AndroidManifest.xml:55:17-69
	android:name
		ADDED from src/main/AndroidManifest.xml:55:25-66
category#android.intent.category.LEANBACK_LAUNCHER
ADDED from src/main/AndroidManifest.xml:56:17-86
	android:name
		ADDED from src/main/AndroidManifest.xml:56:27-83
activity#com.example.android.sampletvinput.DemoPlayerActivity
ADDED from src/main/AndroidManifest.xml:60:9-64:20
	android:name
		ADDED from src/main/AndroidManifest.xml:60:19-53
intent-filter#action:name:android.intent.action.MAIN
ADDED from src/main/AndroidManifest.xml:61:13-63:29
activity#com.example.android.sampletvinput.rich.RichTvInputSetupActivity
ADDED from src/main/AndroidManifest.xml:67:9-71:20
	android:name
		ADDED from src/main/AndroidManifest.xml:67:19-64
service#com.example.android.sampletvinput.rich.RichTvInputService
ADDED from src/main/AndroidManifest.xml:84:9-97:19
	android:label
		ADDED from src/main/AndroidManifest.xml:86:13-53
	android:permission
		ADDED from src/main/AndroidManifest.xml:87:13-66
	android:name
		ADDED from src/main/AndroidManifest.xml:85:13-52
intent-filter#action:name:android.media.tv.TvInputService
ADDED from src/main/AndroidManifest.xml:89:13-91:29
action#android.media.tv.TvInputService
ADDED from src/main/AndroidManifest.xml:90:17-74
	android:name
		ADDED from src/main/AndroidManifest.xml:90:25-71
meta-data#android.media.tv.input
ADDED from src/main/AndroidManifest.xml:94:13-96:62
	android:resource
		ADDED from src/main/AndroidManifest.xml:96:17-59
	android:name
		ADDED from src/main/AndroidManifest.xml:95:17-54
service#com.example.android.sampletvinput.SampleJobService
ADDED from src/main/AndroidManifest.xml:100:9-103:39
	android:exported
		ADDED from src/main/AndroidManifest.xml:103:13-36
	android:permission
		ADDED from src/main/AndroidManifest.xml:102:13-69
	android:name
		ADDED from src/main/AndroidManifest.xml:101:13-45
receiver#com.example.android.sampletvinput.rich.RichBootReceiver
ADDED from src/main/AndroidManifest.xml:106:9-110:20
	android:name
		ADDED from src/main/AndroidManifest.xml:106:19-56
intent-filter#action:name:android.intent.action.BOOT_COMPLETED
ADDED from src/main/AndroidManifest.xml:107:13-109:29
action#android.intent.action.BOOT_COMPLETED
ADDED from src/main/AndroidManifest.xml:108:17-79
	android:name
		ADDED from src/main/AndroidManifest.xml:108:25-76
receiver#com.example.android.sampletvinput.InitializationReceiver
ADDED from src/main/AndroidManifest.xml:112:9-116:20
	android:name
		ADDED from src/main/AndroidManifest.xml:112:19-57
intent-filter#action:name:android.media.tv.action.INITIALIZE_PROGRAMS
ADDED from src/main/AndroidManifest.xml:113:13-115:29
action#android.media.tv.action.INITIALIZE_PROGRAMS
ADDED from src/main/AndroidManifest.xml:114:17-86
	android:name
		ADDED from src/main/AndroidManifest.xml:114:25-83
meta-data#com.google.android.gms.version
ADDED from src/main/AndroidManifest.xml:119:9-121:69
MERGED from [com.google.android.gms:play-services-basement:8.4.0] AndroidManifest.xml:21:9-23:69
MERGED from [com.google.android.gms:play-services-basement:8.4.0] AndroidManifest.xml:21:9-23:69
	android:value
		ADDED from src/main/AndroidManifest.xml:121:13-66
	android:name
		ADDED from src/main/AndroidManifest.xml:120:13-58
uses-sdk
INJECTED from src/main/AndroidManifest.xml reason: use-sdk injection requested
INJECTED from src/main/AndroidManifest.xml
INJECTED from src/main/AndroidManifest.xml
MERGED from [:library] AndroidManifest.xml:22:5-24:41
MERGED from [:library] AndroidManifest.xml:22:5-24:41
MERGED from [com.android.support:appcompat-v7:27.1.1] AndroidManifest.xml:20:5-44
MERGED from [com.android.support:appcompat-v7:27.1.1] AndroidManifest.xml:20:5-44
MERGED from [com.android.support:leanback-v17:27.1.1] AndroidManifest.xml:20:5-44
MERGED from [com.android.support:leanback-v17:27.1.1] AndroidManifest.xml:20:5-44
MERGED from [com.android.support:recyclerview-v7:27.1.1] AndroidManifest.xml:20:5-44
MERGED from [com.android.support:recyclerview-v7:27.1.1] AndroidManifest.xml:20:5-44
MERGED from [com.google.android.exoplayer:exoplayer:r1.5.14] AndroidManifest.xml:24:5-26:41
MERGED from [com.google.android.exoplayer:exoplayer:r1.5.14] AndroidManifest.xml:24:5-26:41
MERGED from [com.google.android.gms:play-services-ads:8.4.0] AndroidManifest.xml:23:5-42
MERGED from [com.google.android.gms:play-services-ads:8.4.0] AndroidManifest.xml:23:5-42
MERGED from [com.google.android.gms:play-services-basement:8.4.0] AndroidManifest.xml:18:5-42
MERGED from [com.google.android.gms:play-services-basement:8.4.0] AndroidManifest.xml:18:5-42
MERGED from [com.android.support:support-v4:27.1.0] AndroidManifest.xml:20:5-44
MERGED from [com.android.support:support-v4:27.1.0] AndroidManifest.xml:20:5-44
MERGED from [com.android.support:support-fragment:27.1.1] AndroidManifest.xml:20:5-44
MERGED from [com.android.support:support-fragment:27.1.1] AndroidManifest.xml:20:5-44
MERGED from [com.android.support:animated-vector-drawable:27.1.1] AndroidManifest.xml:20:5-44
MERGED from [com.android.support:animated-vector-drawable:27.1.1] AndroidManifest.xml:20:5-44
MERGED from [com.android.support:support-core-ui:27.1.1] AndroidManifest.xml:20:5-44
MERGED from [com.android.support:support-core-ui:27.1.1] AndroidManifest.xml:20:5-44
MERGED from [com.android.support:support-core-utils:27.1.1] AndroidManifest.xml:20:5-44
MERGED from [com.android.support:support-core-utils:27.1.1] AndroidManifest.xml:20:5-44
MERGED from [com.android.support:support-vector-drawable:27.1.1] AndroidManifest.xml:20:5-44
MERGED from [com.android.support:support-vector-drawable:27.1.1] AndroidManifest.xml:20:5-44
MERGED from [com.android.support:support-media-compat:27.1.1] AndroidManifest.xml:20:5-44
MERGED from [com.android.support:support-media-compat:27.1.1] AndroidManifest.xml:20:5-44
MERGED from [com.android.support:support-compat:27.1.1] AndroidManifest.xml:20:5-44
MERGED from [com.android.support:support-compat:27.1.1] AndroidManifest.xml:20:5-44
MERGED from [android.arch.lifecycle:livedata-core:1.1.0] AndroidManifest.xml:20:5-44
MERGED from [android.arch.lifecycle:livedata-core:1.1.0] AndroidManifest.xml:20:5-44
MERGED from [android.arch.lifecycle:viewmodel:1.1.0] AndroidManifest.xml:20:5-44
MERGED from [android.arch.lifecycle:viewmodel:1.1.0] AndroidManifest.xml:20:5-44
MERGED from [android.arch.lifecycle:runtime:1.1.0] AndroidManifest.xml:20:5-44
MERGED from [android.arch.lifecycle:runtime:1.1.0] AndroidManifest.xml:20:5-44
MERGED from [android.arch.core:runtime:1.1.0] AndroidManifest.xml:20:5-44
MERGED from [android.arch.core:runtime:1.1.0] AndroidManifest.xml:20:5-44
INJECTED from src/main/AndroidManifest.xml
INJECTED from src/main/AndroidManifest.xml
	android:targetSdkVersion
		INJECTED from src/main/AndroidManifest.xml
		ADDED from src/main/AndroidManifest.xml
		INJECTED from src/main/AndroidManifest.xml
	android:minSdkVersion
		INJECTED from src/main/AndroidManifest.xml
		ADDED from src/main/AndroidManifest.xml
		INJECTED from src/main/AndroidManifest.xml
uses-permission#android.permission.ACCESS_NETWORK_STATE
ADDED from [com.google.android.gms:play-services-ads:8.4.0] AndroidManifest.xml:21:5-78
	android:name
		ADDED from [com.google.android.gms:play-services-ads:8.4.0] AndroidManifest.xml:21:22-76
activity#com.google.android.gms.ads.AdActivity
ADDED from [com.google.android.gms:play-services-ads:8.4.0] AndroidManifest.xml:26:9-29:64
	android:configChanges
		ADDED from [com.google.android.gms:play-services-ads:8.4.0] AndroidManifest.xml:28:13-122
	android:theme
		ADDED from [com.google.android.gms:play-services-ads:8.4.0] AndroidManifest.xml:29:13-61
	android:name
		ADDED from [com.google.android.gms:play-services-ads:8.4.0] AndroidManifest.xml:27:13-65
activity#com.google.android.gms.ads.purchase.InAppPurchaseActivity
ADDED from [com.google.android.gms:play-services-ads:8.4.0] AndroidManifest.xml:30:9-31:52
	android:theme
		ADDED from [com.google.android.gms:play-services-ads:8.4.0] AndroidManifest.xml:31:13-50
	android:name
		ADDED from [com.google.android.gms:play-services-ads:8.4.0] AndroidManifest.xml:30:19-91